62.305 0.0019187140931
63.305 0.0019361493739
64.305 0.00187508448503
65.305 0.00182421063288
66.305 0.00184504774364
67.305 0.00196844409309
68.305 0.002214597594
69.305 0.00260336011658
70.305 0.00314550867826
71.305 0.00380442177014
72.305 0.00442832574671
73.305 0.00474068227303
74.305 0.00454243633946
75.305 0.00394148052155
76.305 0.00321864523764
77.305 0.00256904236441
78.305 0.00205359849255
79.305 0.00166401455901
80.305 0.0013731905057
81.305 0.00115514938986
82.305 0.000989782305087
83.305 0.000862585844416
84.305 0.000763327592075
85.305 0.000684799187233
86.305 0.000621882809503
87.305 0.000570901153703
88.305 0.000529175799739
89.305 0.000494728499205
90.305 0.000466078112293
91.305 0.000442101232303
92.305 0.000421935389563
93.305 0.000404910972013
94.305 0.000390502727733
95.305 0.000378294782618
96.305 0.000367955102574
97.305 0.000359216637914
98.305 0.00035186325345
99.305 0.000345719126913
100.305 0.000340640690231
101.305 0.000336510456474
102.305 0.000333232261047
103.305 0.000330727575926
104.305 0.000328932648002
105.305 0.000327796278904
106.305 0.00032727811183
107.305 0.000327347326529
108.305 0.00032798167037
109.305 0.000329166774065
110.305 0.00033089571709
111.305 0.000333168821536
112.305 0.000335993665262
113.305 0.000339385316652
114.305 0.000343366805105
115.305 0.000347969854348
116.305 0.000353235921015
117.305 0.000359217599996
118.305 0.000365980482639
119.305 0.00037360558658
120.305 0.00038219252027
121.305 0.000391863606503
122.305 0.000402769274921
123.305 0.000415095155106
124.305 0.00042907147658
125.305 0.000444985636072
126.305 0.00046319916621
127.305 0.000484170896144
128.305 0.000508488932159
129.305 0.000536915359898
130.305 0.000570449522997
131.305 0.000610418742893
132.305 0.000658609976078
133.305 0.000717462930976
134.305 0.000790355396775
135.305 0.000882024897891
136.305 0.000999182847627
137.305 0.00115136765522
138.305 0.00135197863931
139.305 0.00161900273056
140.305 0.00197355999637
141.305 0.0024308087316
142.305 0.00297214404605
143.305 0.00349433730547
144.305 0.00379322676903
145.305 0.00370365987639
146.305 0.00328823749689
147.305 0.00276014890923
148.305 0.00227881225404
149.305 0.00189863621592
150.305 0.00161647824939
151.305 0.00141248016259
152.305 0.00126691469768
153.305 0.00116445170684
154.305 0.00109414753287
155.305 0.00104846710051
156.305 0.001022338311
157.305 0.00101244723142
158.305 0.0010167617286
159.305 0.00103423012515
160.305 0.00106460850824
161.305 0.00110838625781
162.305 0.00116679450261
163.305 0.00124189564076
164.305 0.00133676528768
165.305 0.00145579329719
166.305 0.00160515053473
167.305 0.00179349572841
168.305 0.00203303344737
169.305 0.00234107361439
170.305 0.00274224798627
171.305 0.00327136979932
172.305 0.00397612201908
173.305 0.00491600910307
174.305 0.00614631297725
175.305 0.00766076789142
176.305 0.00926562326595
177.305 0.0104717441959
178.305 0.0107336274285
179.305 0.0100332679111
180.305 0.00892577642118
181.305 0.00795996001498
182.305 0.0073675613933
183.305 0.00710510678521
184.305 0.00693132388961
185.305 0.00653740373436
186.305 0.00581002381939
187.305 0.00491512357271
188.305 0.00406783744111
189.305 0.00336965969087
190.305 0.00282867405949
191.305 0.00241780995539
192.305 0.00210587493352
193.305 0.00186719784076
194.305 0.00168272816743
195.305 0.00153881292316
196.305 0.00142574578548
197.305 0.00133660835086
198.305 0.00126644392832
199.305 0.00121169398467
200.305 0.00116982288785
201.305 0.00113907532652
202.305 0.00111833004151
203.305 0.00110702852116
204.305 0.00110516718562
205.305 0.00111334299964
206.305 0.00113282157534
207.305 0.0011655103133
208.305 0.00121346004572
209.305 0.00127695288677
210.305 0.00134986600632
211.305 0.00141421013363
212.305 0.0014457596525
213.305 0.00143731307647
214.305 0.00140792087133
215.305 0.00138153947316
216.305 0.00137085352001
217.305 0.00137906040215
218.305 0.00140577599777
219.305 0.00145036329728
220.305 0.00151316307138
221.305 0.00159592359017
222.305 0.00170209970309
223.305 0.00183729127336
224.305 0.00200992985803
225.305 0.00223220485578
226.305 0.00252090088321
227.305 0.0028967786446
228.305 0.0033782769729
229.305 0.00395996466404
230.305 0.00456701044897
231.305 0.00502114286615
232.305 0.00513568833567
233.305 0.00491780698217
234.305 0.00456404153105
235.305 0.00425780820481
236.305 0.0040805318415
237.305 0.00404850971758
238.305 0.0041591651717
239.305 0.00441374293915
240.305 0.00482543370013
241.305 0.00542123983858
242.305 0.00623762027958
243.305 0.00729975580977
244.305 0.00856298626813
245.305 0.00981473302706
246.305 0.0106674974896
247.305 0.0108616005854
248.305 0.0105907911936
249.305 0.0102971972485
250.305 0.0103057924734
251.305 0.0107682377946
252.305 0.0117663172754
253.305 0.0133936630611
254.305 0.0157904944328
255.305 0.0191350023015
256.305 0.0235521485202
257.305 0.0288398595049
258.305 0.0339878073423
259.305 0.0370780406976
260.305 0.0366849216378
261.305 0.0335748751054
262.305 0.0298450850835
263.305 0.0270563132052
264.305 0.0258442354325
265.305 0.0263678943326
266.305 0.028604153696
267.305 0.0322528209518
268.305 0.0362884271054
269.305 0.0386809823012
270.305 0.0375366493014
271.305 0.0330956704481
272.305 0.0273636581122
273.305 0.0220312530414
274.305 0.0177361308946
275.305 0.0144806967534
276.305 0.0120675546685
277.305 0.0102914486839
278.305 0.00899165905992
279.305 0.00805496885728
280.305 0.00740694057621
281.305 0.00700339225186
282.305 0.00682487407182
283.305 0.00687427299051
284.305 0.00717671443847
285.305 0.00777928477165
286.305 0.00874292348348
287.305 0.0101055646265
288.305 0.0117765277365
289.305 0.0133556715682
290.305 0.0141081309285
291.305 0.0135040560379
292.305 0.0118314830242
293.305 0.00983975405766
294.305 0.00804958252845
295.305 0.00662356746611
296.305 0.00553950210683
297.305 0.00472498255635
298.305 0.00411062576009
299.305 0.00364276771485
300.305 0.00328279190717
301.305 0.00300359675719
302.305 0.00278630177514
303.305 0.002617800448
304.305 0.00248908650018
305.305 0.0023941621129
306.305 0.00232936621783
307.305 0.00229301477381
308.305 0.00228529059333
309.305 0.00230834598235
310.305 0.00236656201193
311.305 0.00246676089346
312.305 0.00261766571042
313.305 0.00282662991363
314.305 0.00308992160668
315.305 0.00337648304295
316.305 0.00362813553411
317.305 0.00381352371825
318.305 0.003984862709
319.305 0.00424333216794
320.305 0.0046772842403
321.305 0.00534736700973
322.305 0.00627785713779
323.305 0.00739783580747
324.305 0.00843100113134
325.305 0.00890192178068
326.305 0.00850613715186
327.305 0.00746595505918
328.305 0.00625726621381
329.305 0.00519026742375
330.305 0.00435431623606
331.305 0.00373066817656
332.305 0.00327309496954
333.305 0.00293857259217
334.305 0.00269418112472
335.305 0.00251636865309
336.305 0.00238867343251
337.305 0.00229966115033
338.305 0.00224139871671
339.305 0.00220840066505
340.305 0.00219692131194
341.305 0.00220448510769
342.305 0.00222957865044
343.305 0.00227145349777
344.305 0.00233000722331
345.305 0.00240572272294
346.305 0.00249965448993
347.305 0.00261345699628
348.305 0.00274945559655
349.305 0.00291076544169
350.305 0.00310146961533
351.305 0.00332687505989
352.305 0.00359387512934
353.305 0.00391146264403
354.305 0.00429145989431
355.305 0.00474956620269
356.305 0.00530687492169
357.305 0.00599208590834
358.305 0.00684473630117
359.305 0.0079198615106
360.305 0.00929443920763
361.305 0.0110752642637
362.305 0.0134050227702
363.305 0.016454370894
364.305 0.0203668822423
365.305 0.0251033051674
366.305 0.0302239666638
367.305 0.0350132306533
368.305 0.0392705906629
369.305 0.0435590279492
370.305 0.0478632879183
371.305 0.0503965935584
372.305 0.0488026255256
373.305 0.0430225395558
374.305 0.0354392117928
375.305 0.0282948708306
376.305 0.0225010854422
377.305 0.0180914313873
378.305 0.0148054909523
379.305 0.0123613029108
380.305 0.0105327734807
381.305 0.00915520082596
382.305 0.00811269513906
383.305 0.00732468307762
384.305 0.0067354717124
385.305 0.00630698015498
386.305 0.00601392683408
387.305 0.00584078767785
388.305 0.00578004127757
389.305 0.0058314151187
390.305 0.00600201489239
391.305 0.0063073694391
392.305 0.00677357675098
393.305 0.00744090308577
394.305 0.00836934061887
395.305 0.00964660555266
396.305 0.0113982464038
397.305 0.0137959629417
398.305 0.0170483724383
399.305 0.0213265153423
400.305 0.0265199599279
401.305 0.0317467909894
402.305 0.0350596436352
403.305 0.0345885052468
404.305 0.0305919016378
405.305 0.0251344332965
406.305 0.0199744485148
407.305 0.015790912065
408.305 0.0126032442367
409.305 0.010218745229
410.305 0.00843143699601
411.305 0.00707680890241
412.305 0.00603498456168
413.305 0.00522121342301
414.305 0.00457588479298
415.305 0.00405681143168
416.305 0.00363379798456
417.305 0.00328494002471
418.305 0.00299412250479
419.305 0.00274932339463
420.305 0.00254145322609
421.305 0.00236355216027
422.305 0.00221022744097
423.305 0.00207725418993
424.305 0.00196128851302
425.305 0.00185965878575
426.305 0.00177021203517
427.305 0.00169119962431
428.305 0.0016211913063
429.305 0.00155900999287
430.305 0.00150368181801
431.305 0.00145439762099
432.305 0.00141048305071
433.305 0.00137137525481
434.305 0.0013366046625
435.305 0.00130578076532
436.305 0.00127858109242
437.305 0.00125474279706
438.305 0.00123405644276
439.305 0.00121636171682
440.305 0.0012015449201
441.305 0.00118953819539
442.305 0.00118032057552
443.305 0.0011739210667
444.305 0.00117042415136
445.305 0.00116997831747
446.305 0.00117280853149
447.305 0.00117923401734
448.305 0.00118969335809
449.305 0.00120477991645
450.305 0.00122529205527
451.305 0.00125230491454
452.305 0.00128727400515
453.305 0.00133218626012
454.305 0.0013897823082
455.305 0.0014638854242
456.305 0.00155988738387
457.305 0.0016854528843
458.305 0.00185148452879
459.305 0.00207324295425
460.305 0.00237094280367
461.305 0.00276735469537
462.305 0.00327554372777
463.305 0.0038641672479
464.305 0.00440139101769
465.305 0.00465760931639
466.305 0.00448635795608
467.305 0.00399780265326
468.305 0.00342515494853
469.305 0.00292034643796
470.305 0.00252743598132
471.305 0.00223770947124
472.305 0.00202902544856
473.305 0.00188079962738
474.305 0.00177739218611
475.305 0.0017077750733
476.305 0.00166445205176
477.305 0.00164249080888
478.305 0.00163882805106
479.305 0.00165182249118
480.305 0.0016810027791
481.305 0.00172697122132
482.305 0.00179144608114
483.305 0.00187744809287
484.305 0.00198966065132
485.305 0.00213501810461
486.305 0.00232359539706
487.305 0.00256985023624
488.305 0.002894082969
489.305 0.00332324814645
490.305 0.0038879667896
491.305 0.00460697877484
492.305 0.00544304398973
493.305 0.00623191566232
494.305 0.00668706868783
495.305 0.00663143490799
496.305 0.00621771381159
497.305 0.00575826779247
498.305 0.00546808651706
499.305 0.00543463581271
500.305 0.00569067457383
501.305 0.0062636427265
502.305 0.00718097212557
503.305 0.00842317285812
504.305 0.00980461264026
505.305 0.010849580496
506.305 0.0109737230742
507.305 0.0100589744208
508.305 0.0085931435194
509.305 0.00712072345859
510.305 0.00589895380583
511.305 0.00496482038324
512.305 0.00427209708201
513.305 0.00376208826719
514.305 0.00338581231396
515.305 0.00310704282056
516.305 0.00290007508008
517.305 0.00274686763317
518.305 0.00263473068449
519.305 0.00255467314319
520.305 0.0025002706833
521.305 0.0024669008145
522.305 0.00245122606323
523.305 0.00245084288678
524.305 0.00246404149963
525.305 0.00248964063289
526.305 0.00252687366671
527.305 0.00257531067106
528.305 0.00263480617934
529.305 0.00270546601233
530.305 0.00278762882183
531.305 0.00288185965386
532.305 0.00298895401325
533.305 0.00310995182652
534.305 0.00324616147506
535.305 0.00339919480143
536.305 0.00357101476228
537.305 0.00376399829304
538.305 0.00398101805747
539.305 0.00422554819951
540.305 0.00450180116021
541.305 0.00481490530185
542.305 0.00517113683778
543.305 0.00557822490644
544.305 0.00604575632024
545.305 0.00658571773636
546.305 0.00721322954681
547.305 0.00794755049177
548.305 0.00881346928983
549.305 0.00984325641738
550.305 0.0110794364787
551.305 0.0125787762192
552.305 0.0144180899665
553.305 0.0167027758353
554.305 0.0195794418834
555.305 0.0232545358291
556.305 0.0280212847648
557.305 0.0342963436505
558.305 0.0426614156323
559.305 0.0538817126044
560.305 0.0688011616402
561.305 0.0878417351192
562.305 0.109632621602
563.305 0.128924962693
564.305 0.137072625965
565.305 0.129196558906
566.305 0.110031843802
567.305 0.0882381509987
568.305 0.0691427564092
569.305 0.0541656242816
570.305 0.0429008553255
571.305 0.0345057950471
572.305 0.0282123772664
573.305 0.023435746959
574.305 0.0197567528317
575.305 0.0168803761085
576.305 0.0145989244837
577.305 0.0127649305119
578.305 0.0112723985763
579.305 0.010044093037
580.305 0.00902294436193
581.305 0.00816620517743
582.305 0.00744143641371
583.305 0.00682371737834
584.305 0.00629368182858
585.305 0.0058361177268
586.305 0.00543895631925
587.305 0.00509253343005
588.305 0.00478904341332
589.305 0.00452213107712
590.305 0.00428658354541
591.305 0.00407809529954
592.305 0.00389308736267
593.305 0.00372856693844
594.305 0.00358201755906
595.305 0.00345131244717
596.305 0.00333464568892
597.305 0.0032304771823
598.305 0.00313748831998
599.305 0.00305454609734
600.305 0.00298067387861
601.305 0.00291502745901
602.305 0.00285687536584
603.305 0.00280558257289
604.305 0.002760596979
605.305 0.00272143813799
606.305 0.00268768783196
607.305 0.00265898216216
608.305 0.00263500489582
609.305 0.0026154818579
610.305 0.00260017619701
611.305 0.00258888438651
612.305 0.00258143284775
613.305 0.00257767510282
614.305 0.0025774893812
615.305 0.00258077661832
616.305 0.00258745879518
617.305 0.00259747757771
618.305 0.00261079322214
619.305 0.00262738371941
620.305 0.00264724415709
621.305 0.00267038628209
622.305 0.00269683825203
623.305 0.00272664456635
624.305 0.00275986617252
625.305 0.00279658074524
626.305 0.00283688314019
627.305 0.00288088602682
628.305 0.00292872070799
629.305 0.00298053813746
630.305 0.00303651015
631.305 0.00309683092267
632.305 0.00316171869038
633.305 0.00323141774355
634.305 0.00330620074171
635.305 0.00338637138305
636.305 0.00347226747803
637.305 0.00356426448399
638.305 0.00366277956842
639.305 0.00376827628143
640.305 0.00388126993338
641.305 0.00400233379167
642.305 0.00413210623361
643.305 0.00427129901866
644.305 0.00442070687709
645.305 0.00458121865181
646.305 0.00475383028068
647.305 0.00493965996738
648.305 0.00513996596611
649.305 0.00535616749993
650.305 0.00558986945286
651.305 0.00584289162583
652.305 0.00611730353795
653.305 0.00641546599736
654.305 0.00674008097768
655.305 0.00709425173768
656.305 0.00748155564265
657.305 0.00790613282638
658.305 0.00837279472709
659.305 0.00888715771516
660.305 0.00945580861119
661.305 0.0100865110187
662.305 0.0107884642792
663.305 0.0115726308016
664.305 0.0124521529631
665.305 0.0134428883692
666.305 0.0145641029446
667.305 0.0158393765259
668.305 0.0172977974788
669.305 0.0189755546304
670.305 0.0209180815231
671.305 0.0231829774528
672.305 0.0258440342068
673.305 0.0289968560765
674.305 0.0327668038469
675.305 0.0373203680398
676.305 0.0428816535074
677.305 0.0497565351035
678.305 0.0583683320562
679.305 0.0693105669058
680.305 0.0834240656538
681.305 0.10190506338
682.305 0.126439880664
683.305 0.159313826902
684.305 0.203283545722
685.305 0.260577486024
686.305 0.329649160418
687.305 0.398723443463
688.305 0.442133266157
689.305 0.43570626702
690.305 0.383432045167
691.305 0.312501050171
692.305 0.245692294077
693.305 0.191676106504
694.305 0.150619704459
695.305 0.119987153751
696.305 0.0970929230352
697.305 0.079798113555
698.305 0.0665460372333
699.305 0.0562368954303
700.305 0.0480975289185
701.305 0.0415810453582
702.305 0.0362962392212
703.305 0.0319595195865
704.305 0.0283624222005
705.305 0.0253495796793
706.305 0.0228036515219
707.305 0.0206348972212
708.305 0.0187738713318
709.305 0.0171662399448
710.305 0.015769055781
711.305 0.0145480485445
712.305 0.0134756306397
713.305 0.0125294130234
714.305 0.0116910890852
715.305 0.0109455870139
716.305 0.0102804201409
717.305 0.00968518477615
718.305 0.00915116902432
719.305 0.00867104592117
720.305 0.00823863125459
721.305 0.00784869149908
722.305 0.00749679098225
723.305 0.00717917012548
724.305 0.00689264863846
725.305 0.00663454910043
726.305 0.00640263757354
727.305 0.00619507887469
728.305 0.00601040496666
729.305 0.00584749569103
730.305 0.00570557182249
731.305 0.0055842012537
732.305 0.0054833201118
733.305 0.00540327188793
734.305 0.00534486940437
735.305 0.00530948691643
736.305 0.00529919325128
737.305 0.00531694225297
738.305 0.00536684491751
739.305 0.00545456000855
740.305 0.00558785903326
741.305 0.00577745079542
742.305 0.00603819518189
743.305 0.00639090035478
744.305 0.00686498114738
745.305 0.00750232951153
746.305 0.00836267564846
747.305 0.00953002317955
748.305 0.0111169247776
749.305 0.0132543555108
750.305 0.0160319134114
751.305 0.0193184873893
752.305 0.0224434387572
753.305 0.0241214602485
754.305 0.0233668024693
755.305 0.0206301994447
756.305 0.0172442027183
757.305 0.0141708607031
758.305 0.0117257035376
759.305 0.00987990967414
760.305 0.00850750009575
761.305 0.00748525674225
762.305 0.00671732857118
763.305 0.00613458423795
764.305 0.00568838078155
765.305 0.00534461924785
766.305 0.00507927150151
767.305 0.00487526364628
768.305 0.00472036268802
769.305 0.00460575319878
770.305 0.00452507693731
771.305 0.0044737819285
772.305 0.00444867998755
773.305 0.00444764687646
774.305 0.00446942241665
775.305 0.00451348310597
776.305 0.00457996998622
777.305 0.00466966159596
778.305 0.00478398710171
779.305 0.00492507901574
780.305 0.00509586896037
781.305 0.00530023433468
782.305 0.00554320913426
783.305 0.00583127939797
784.305 0.0061727939784
785.305 0.00657853630946
786.305 0.00706252527897
787.305 0.00764314742749
788.305 0.00834477504793
789.305 0.00920010532829
790.305 0.010253578715
791.305 0.0115664173933
792.305 0.0132240767015
793.305 0.0153471814914
794.305 0.0181070803807
795.305 0.0217460555694
796.305 0.0265968880555
797.305 0.0330779062512
798.305 0.0415868568018
799.305 0.0521094841783
800.305 0.0633266962835
801.305 0.0717413281222
802.305 0.0731514240364
803.305 0.0669190503069
804.305 0.0567878076218
805.305 0.0467741564841
806.305 0.0387642756795
807.305 0.0330746351708
808.305 0.0294608424888
809.305 0.0276311017663
810.305 0.0273996299665
811.305 0.028661456556
812.305 0.031211768426
813.305 0.0343592169362
814.305 0.0365751213291
815.305 0.0361322035254
816.305 0.0328114581614
817.305 0.0281181396467
818.305 0.0236061039865
819.305 0.0199730738907
820.305 0.0173086943245
821.305 0.015489538939
822.305 0.0143704736205
823.305 0.0138279043853
824.305 0.0137211460117
825.305 0.0138057369179
826.305 0.0137090115242
827.305 0.0131552509161
828.305 0.012240273963
829.305 0.0112834369807
830.305 0.010516390903
831.305 0.0100178780491
832.305 0.009789913824
833.305 0.00982002116166
834.305 0.0101082367185
835.305 0.0106772766571
836.305 0.0115786722665
837.305 0.0128999314448
838.305 0.0147727483886
839.305 0.0173749508668
840.305 0.020899835252
841.305 0.0254230033822
842.305 0.030553331929
843.305 0.0349434750279
844.305 0.0365229319379
845.305 0.0343092751186
846.305 0.0295985714803
847.305 0.0244293446782
848.305 0.0199739622279
849.305 0.0165120967164
850.305 0.0139285115717
851.305 0.0120215670359
852.305 0.0106123327164
853.305 0.00956598294484
854.305 0.00878655250275
855.305 0.00820702592601
856.305 0.00778080895678
857.305 0.00747552545567
858.305 0.00726877170571
859.305 0.00714528590555
860.305 0.0070950939584
861.305 0.00711232670612
862.305 0.00719451173998
863.305 0.00734222115668
864.305 0.00755901340334
865.305 0.00785165189654
866.305 0.00823062359135
867.305 0.00871102481535
868.305 0.00931393795663
869.305 0.0100685017802
870.305 0.0110149947164
871.305 0.0122094225
872.305 0.0137303441025
873.305 0.0156889644147
874.305 0.0182437060424
875.305 0.0216198772578
876.305 0.0261313976111
877.305 0.0321879116001
878.305 0.040229381541
879.305 0.0504343559563
880.305 0.0619514162484
881.305 0.07181651248
882.305 0.0754562516639
883.305 0.0706828884623
884.305 0.0603477901428
885.305 0.0489625260903
886.305 0.0391298171482
887.305 0.0314743636681
888.305 0.025743491881
889.305 0.0214914770712
890.305 0.0183220185528
891.305 0.015935971055
892.305 0.0141198414493
893.305 0.0127238567577
894.305 0.0116430543746
895.305 0.0108035020329
896.305 0.0101528378458
897.305 0.00965393120562
898.305 0.0092806937001
899.305 0.00901536757418
900.305 0.00884686189612
901.305 0.00876988608928
902.305 0.00878476615956
903.305 0.00889794086967
904.305 0.00912323445547
905.305 0.00948407481703
906.305 0.0100167767532
907.305 0.0107744920725
908.305 0.0118293597463
909.305 0.0132638885051
910.305 0.0151265154919
911.305 0.0173048586638
912.305 0.0193176270383
913.305 0.020314698093
914.305 0.0197361800716
915.305 0.0179721548964
916.305 0.0158876842431
917.305 0.014055373344
918.305 0.0126445814532
919.305 0.0116248079039
920.305 0.0109138590527
921.305 0.010434803388
922.305 0.0101290337144
923.305 0.00995515175421
924.305 0.00988495924948
925.305 0.00989983495695
926.305 0.00998812052265
927.305 0.0101434265264
928.305 0.0103636600451
929.305 0.0106506240227
930.305 0.0110101187032
931.305 0.0114525585167
932.305 0.0119942050043
933.305 0.0126592117515
934.305 0.0134827666364
935.305 0.0145156127979
936.305 0.015829803462
937.305 0.0175236321333
938.305 0.0197172591589
939.305 0.0225130657255
940.305 0.025862848489
941.305 0.0292936330441
942.305 0.0317209942473
943.305 0.0320518880204
944.305 0.0303694859255
945.305 0.0278329292584
946.305 0.0254737488653
947.305 0.0237080587239
948.305 0.0225623032659
949.305 0.021934283233
950.305 0.0217121070971
951.305 0.0218078582903
952.305 0.0221602519315
953.305 0.0227295254166
954.305 0.023491943961
955.305 0.0244356307468
956.305 0.0255577785309
957.305 0.0268629501165
958.305 0.028362187285
959.305 0.0300727335381
960.305 0.0320182595073
961.305 0.0342295486004
962.305 0.0367456585706
963.305 0.0396156300147
964.305 0.0429008738974
965.305 0.0466784467233
966.305 0.0510455263054
967.305 0.0561255506418
968.305 0.0620767033722
969.305 0.0691037620202
970.305 0.0774748326999
971.305 0.0875452748371
972.305 0.0997923189489
973.305 0.114865705989
974.305 0.133662362701
975.305 0.157436741878
976.305 0.187962138093
977.305 0.227757648704
978.305 0.280374382181
979.305 0.350641681136
980.305 0.444467714203
981.305 0.56698117784
982.305 0.716440667964
983.305 0.87203721261
984.305 0.984945628828
985.305 1.0
986.305 0.907879479464
987.305 0.757102530113
988.305 0.603495425228
989.305 0.474847934641
990.305 0.3758386543
991.305 0.301945465516
992.305 0.247085310917
993.305 0.206113159643
994.305 0.175208358564
995.305 0.151659072978
996.305 0.133565199762
997.305 0.119594769872
998.305 0.108809221556
999.305 0.10054399355
1000.305 0.0943284005694
1001.305 0.0898323002372
1002.305 0.086830938035
1003.305 0.0851823481203
1004.305 0.0848137949262
1005.305 0.0857152149362
1006.305 0.0879387083962
1007.305 0.0916040412693
1008.305 0.0969110237725
1009.305 0.104160707291
1010.305 0.113788785012
1011.305 0.126416625813
1012.305 0.142928221784
1013.305 0.164584855161
1014.305 0.193191871801
1015.305 0.23132667635
1016.305 0.282600015171
1017.305 0.351780264615
1018.305 0.444170298635
1019.305 0.562561725268
1020.305 0.698796510292
1021.305 0.820641535744
1022.305 0.873931814852
1023.305 0.826665781938
1024.305 0.707191728324
1025.305 0.570012367734
1026.305 0.449343098706
1027.305 0.354582603586
1028.305 0.283341054235
1029.305 0.230341582698
1030.305 0.190736464021
1031.305 0.160827149432
1032.305 0.137963923781
1033.305 0.120285596977
1034.305 0.106487178242
1035.305 0.095648577925
1036.305 0.0871162849889
1037.305 0.0804235754781
1038.305 0.075237158702
1039.305 0.0713216962122
1040.305 0.068516519271
1041.305 0.0667209393396
1042.305 0.0658859873344
1043.305 0.0660114590795
1044.305 0.0671479744925
1045.305 0.069404518351
1046.305 0.0729627032546
1047.305 0.0780997123559
1048.305 0.0852219780148
1049.305 0.0949089730887
1050.305 0.107954126279
1051.305 0.125349031933
1052.305 0.148052414311
1053.305 0.176233808415
1054.305 0.207943097743
1055.305 0.239027974105
1056.305 0.267517061623
1057.305 0.298379001726
1058.305 0.339667653454
1059.305 0.393714654146
1060.305 0.449848101146
1061.305 0.483204054902
1062.305 0.472173840233
1063.305 0.423011319221
1064.305 0.361984994069
1065.305 0.309153019058
1066.305 0.269868095568
1067.305 0.239471167642
1068.305 0.210462102048
1069.305 0.179782859556
1070.305 0.149976944705
1071.305 0.124214676728
1072.305 0.103520300632
1073.305 0.0873990040032
1074.305 0.0749122713111
1075.305 0.0651859152792
1076.305 0.0575385716152
1077.305 0.0514718315982
1078.305 0.0466294975744
1079.305 0.0427596189662
1080.305 0.0396862697637
1081.305 0.0372904801926
1082.305 0.0354984118398
1083.305 0.0342752479833
1084.305 0.0336239967023
1085.305 0.0335891160399
1086.305 0.0342654137544
1087.305 0.0358126175333
1088.305 0.0384737914171
1089.305 0.0425864443604
1090.305 0.0485453864324
1091.305 0.0566012526265
1092.305 0.0662715117354
1093.305 0.0753306861847
1094.305 0.0796794457872
1095.305 0.0763789479382
1096.305 0.0670688159002
1097.305 0.0559513921551
1098.305 0.0459381350079
1099.305 0.0379373083853
1100.305 0.0318256935814
1101.305 0.0272000988819
1102.305 0.0236739724939
1103.305 0.0209480259661
1104.305 0.0188063563025
1105.305 0.0170966251879
1106.305 0.0157115421031
1107.305 0.0145750100275
1108.305 0.0136324892137
1109.305 0.0128444636646
1110.305 0.0121820386221
1111.305 0.0116239689179
1112.305 0.0111546465113
1113.305 0.0107627381899
1114.305 0.0104402739255
1115.305 0.0101820592834
1116.305 0.00998533474016
1117.305 0.00984964017162
1118.305 0.00977687084479
1119.305 0.00977153721121
1120.305 0.00984126946588
1121.305 0.00999764454718
1122.305 0.010257464811
1123.305 0.0106446928542
1124.305 0.0111933557204
1125.305 0.0119518773471
1126.305 0.0129894477437
1127.305 0.0144050200663
1128.305 0.0163387096344
1129.305 0.0189817086164
1130.305 0.0225685225492
1131.305 0.0273016819713
1132.305 0.0330970262387
1133.305 0.0390528594815
1134.305 0.0430748483715
1135.305 0.0430215706427
1136.305 0.0390258707514
1137.305 0.0333562254113
1138.305 0.0280721444809
1139.305 0.0240375184945
1140.305 0.0213303077606
1141.305 0.019693654986
1142.305 0.0186648689948
1143.305 0.017626604501
1144.305 0.0161299357441
1145.305 0.0142483632019
1146.305 0.0123586083145
1147.305 0.0107229956274
1148.305 0.00940515853702
1149.305 0.00836815121409
1150.305 0.00755150238705
1151.305 0.00690095655392
1152.305 0.00637474475097
1153.305 0.00594229927317
1154.305 0.00558152699735
1155.305 0.00527639813206
1156.305 0.00501515381768
1157.305 0.00478904823976
1158.305 0.00459148112824
1159.305 0.00441739963169
1160.305 0.00426288270524
1161.305 0.00412484898063
1162.305 0.00400084873145
1163.305 0.00388891371404
1164.305 0.00378744733297
1165.305 0.00369514326983
1166.305 0.00361092446703
1167.305 0.00353389685528
1168.305 0.00346331389311
1169.305 0.00339854912944
1170.305 0.00333907478734
1171.305 0.00328444491612
1172.305 0.00323428204573
1173.305 0.00318826655378
1174.305 0.00314612815501
1175.305 0.00310763906807
1176.305 0.00307260852232
1177.305 0.00304087834687
1178.305 0.00301231944474
1179.305 0.0029868290009
1180.305 0.00296432830859
1181.305 0.00294476112659
1182.305 0.0029280925021
1183.305 0.00291430801278
1184.305 0.00290341339703
1185.305 0.00289543455512
1186.305 0.00289041791689
1187.305 0.00288843118374
1188.305 0.00288956446533
1189.305 0.00289393184504
1190.305 0.00290167342331
1191.305 0.00291295790605
1192.305 0.00292798582652
1193.305 0.00294699351572
1194.305 0.00297025796955
1195.305 0.00299810280339
1196.305 0.00303090553983
1197.305 0.00306910654665
1198.305 0.00311322003751
1199.305 0.00316384767371
1200.305 0.00322169547638
1201.305 0.00328759499036
1202.305 0.00336252996039
1203.305 0.00344767022425
1204.305 0.00354441515097
1205.305 0.00365444983891
1206.305 0.00377981856297
1207.305 0.0039230218144
1208.305 0.00408714600689
1209.305 0.00427603898988
1210.305 0.00449455063739
1211.305 0.00474886710166
1212.305 0.00504698160096
1213.305 0.00539936653001
1214.305 0.00581994506249
1215.305 0.0063275098531
1216.305 0.00694780440748
1217.305 0.00771655764744
1218.305 0.00868377748071
1219.305 0.00991931093763
1220.305 0.0115182334945
1221.305 0.0135996215795
1222.305 0.0162781131382
1223.305 0.0195593524164
1224.305 0.0231047109285
1225.305 0.0260137849627
1226.305 0.0272415601553
1227.305 0.0267170250787
1228.305 0.0255085355255
1229.305 0.0247494426637
1230.305 0.025055586768
1231.305 0.0266997840584
1232.305 0.0298831117757
1233.305 0.034847344428
1234.305 0.0417938466397
1235.305 0.0505085992548
1236.305 0.0596537225237
1237.305 0.0665331998098
1238.305 0.069048170629
1239.305 0.0683333677196
1240.305 0.0674992914517
1241.305 0.0681997112488
1242.305 0.0691461682576
1243.305 0.0671595740242
1244.305 0.060516860067
1245.305 0.0509374977839
1246.305 0.0412764362552
1247.305 0.0331222082821
1248.305 0.0267696969166
1249.305 0.0219596299783
1250.305 0.0183294317487
1251.305 0.0155679701388
1252.305 0.0134418971791
1253.305 0.0117840963095
1254.305 0.0104763924373
1255.305 0.0094351225244
1256.305 0.0086007020246
1257.305 0.00793046563566
1258.305 0.00739386493905
1259.305 0.00696930232504
1260.305 0.00664211146448
1261.305 0.00640338065574
1262.305 0.00624945367773
1263.305 0.00618204098662
1264.305 0.00620891909509
1265.305 0.00634510282567
1266.305 0.00661384808066
1267.305 0.00704503817835
1268.305 0.00766363212887
1269.305 0.00845229822498
1270.305 0.00927690333613
1271.305 0.00984330663591
1272.305 0.00987367190664
1273.305 0.00941642901328
1274.305 0.00879276271638
1275.305 0.00827728765023
1276.305 0.00798463248291
1277.305 0.00793511385331
1278.305 0.00812404305473
1279.305 0.00855429522428
1280.305 0.00924856854019
1281.305 0.0102558862127
1282.305 0.0116589458115
1283.305 0.0135846739053
1284.305 0.0162171100112
1285.305 0.0198042318742
1286.305 0.0246280373385
1287.305 0.0308524283333
1288.305 0.0380913825488
1289.305 0.0447051881506
1290.305 0.0478160563292
1291.305 0.0455555976957
1292.305 0.0392710061164
1293.305 0.0318867028767
1294.305 0.0253235668808
1295.305 0.0201431248801
1296.305 0.0162368895868
1297.305 0.0133238848751
1298.305 0.0111409860561
1299.305 0.00948614133187
1300.305 0.00821417930093
1301.305 0.00722293947003
1302.305 0.00644063996953
1303.305 0.00581650063397
1304.305 0.00531424363331
1305.305 0.00490769700397
1306.305 0.00457784099143
1307.305 0.00431082611043
1308.305 0.00409664860191
1309.305 0.00392828111781
1310.305 0.00380113382176
1311.305 0.00371277571035
1312.305 0.00366288764987
1313.305 0.00365345438634
1314.305 0.0036892357398
1315.305 0.00377858085938
1316.305 0.00393462705753
1317.305 0.0041767243739
1318.305 0.00453113944555
1319.305 0.00502763891315
1320.305 0.00568256487933
1321.305 0.00645147385316
1322.305 0.00715396867348
1323.305 0.0074813672161
1324.305 0.00724390407014
1325.305 0.00659676859842
1326.305 0.00585312793006
1327.305 0.0052140893695
1328.305 0.00473779517611
1329.305 0.00441374373427
1330.305 0.00421482509655
1331.305 0.00411709438714
1332.305 0.00410442414354
1333.305 0.00416844801887
1334.305 0.00430774843247
1335.305 0.00452750514925
1336.305 0.00483996139399
1337.305 0.00526589196259
1338.305 0.00583729468076
1339.305 0.00660154008
1340.305 0.0076268622701
1341.305 0.00900737948515
1342.305 0.0108600235875
1343.305 0.0132896196259
1344.305 0.0162674216779
1345.305 0.0193693843301
1346.305 0.0215645112748
1347.305 0.0217316375333
1348.305 0.0198446245271
1349.305 0.0170100044611
1350.305 0.0142894398692
1351.305 0.0121409716645
1352.305 0.0106172590646
1353.305 0.00963374840506
1354.305 0.00909748373479
1355.305 0.00894737052846
1356.305 0.00916211081762
1357.305 0.00976010951033
1358.305 0.0107963903765
1359.305 0.01234763853
1360.305 0.014455504523
1361.305 0.0169732860531
1362.305 0.0193216685099
1363.305 0.0205045679466
1364.305 0.0198988447716
1365.305 0.0179995143232
1366.305 0.0158322432969
1367.305 0.0140723383267
1368.305 0.0129333244831
1369.305 0.0123986239518
1370.305 0.0123736562295
1371.305 0.0127388538172
1372.305 0.0134125490116
1373.305 0.0144492752307
1374.305 0.0160397574715
1375.305 0.0184015271192
1376.305 0.0216608253991
1377.305 0.0256524881889
1378.305 0.0295767780094
1379.305 0.0319794811814
1380.305 0.0318749637607
1381.305 0.0299629100856
1382.305 0.0278700265339
1383.305 0.0267655361548
1384.305 0.0270797794139
1385.305 0.0287264281231
1386.305 0.0311672004668
1387.305 0.0335682323905
1388.305 0.0355311312791
1389.305 0.0375777661385
1390.305 0.0402398469709
1391.305 0.0427833275794
1392.305 0.0431769992033
1393.305 0.0400049563417
1394.305 0.0342131399576
1395.305 0.0278913999929
1396.305 0.0223821363206
1397.305 0.0180406332475
1398.305 0.0147463947888
1399.305 0.0122647430666
1400.305 0.0103824913932
1401.305 0.00893688862088
1402.305 0.0078107571057
1403.305 0.00692115034934
1404.305 0.0062093027556
1405.305 0.00563321165035
1406.305 0.00516248845114
1407.305 0.00477485596348
1408.305 0.00445377115886
1409.305 0.00418680224957
1410.305 0.00396450992445
1411.305 0.00377966751917
1412.305 0.00362671141403
1413.305 0.00350134987567
1414.305 0.00340028260733
1415.305 0.00332099901683
1416.305 0.00326163363307
1417.305 0.0032208641087
1418.305 0.00319784206427
1419.305 0.00319215045064
1420.305 0.00320378365948
1421.305 0.00323314866259
1422.305 0.00328108728589
1423.305 0.00334892155905
1424.305 0.00343852616353
1425.305 0.00355243460898
1426.305 0.00369398927344
1427.305 0.00386755038035
1428.305 0.00407878616185
1429.305 0.00433507711443
1430.305 0.0046460833318
1431.305 0.00502454844218
1432.305 0.00548745141865
1433.305 0.00605767563563
1434.305 0.00676645312895
1435.305 0.00765697283782
1436.305 0.00878971920721
1437.305 0.0102502940321
1438.305 0.0121604685363
1439.305 0.0146922642978
1440.305 0.0180805375922
1441.305 0.0226148842779
1442.305 0.0285511928144
1443.305 0.0358064083643
1444.305 0.0433069921589
1445.305 0.0484805731406
1446.305 0.0485756948935
1447.305 0.0435821319001
1448.305 0.036246571241
1449.305 0.029155553322
1450.305 0.0233983715225
1451.305 0.0190699579534
1452.305 0.0159252459743
1453.305 0.0136876657929
1454.305 0.0121401358796
1455.305 0.0111357558275
1456.305 0.0105884580937
1457.305 0.0104627171047
1458.305 0.0107649563553
1459.305 0.0115295563886
1460.305 0.0127777261678
1461.305 0.0144072222631
1462.305 0.0160020451619
1463.305 0.0167917852762
1464.305 0.0161962384421
1465.305 0.0144856301948
1466.305 0.0124400527683
1467.305 0.0106166731204
1468.305 0.00919512426764
1469.305 0.00815622343855
1470.305 0.00742596965535
1471.305 0.00693340175982
1472.305 0.00662478689059
1473.305 0.00646328271451
1474.305 0.00642548533014
1475.305 0.0064982769628
1476.305 0.00667668926262
1477.305 0.00696276915897
1478.305 0.00736532855649
1479.305 0.00790053015359
1480.305 0.00859338300596
1481.305 0.00948036985934
1482.305 0.010613607363
1483.305 0.0120671389011
1484.305 0.0139460758001
1485.305 0.0163989141358
1486.305 0.0196310375574
1487.305 0.0239089707448
1488.305 0.0295203995542
1489.305 0.0366033253604
1490.305 0.0447303383626
1491.305 0.0524203012848
1492.305 0.0575362388774
1493.305 0.059145693769
1494.305 0.0587683730736
1495.305 0.0590766250195
1496.305 0.0617713226831
1497.305 0.066494414675
1498.305 0.0705013377757
1499.305 0.0699062080724
1500.305 0.0633348469433
1501.305 0.0533961032612
1502.305 0.0435022392666
1503.305 0.035401436757
1504.305 0.0294017271588
1505.305 0.0252054293036
1506.305 0.0223151567601
1507.305 0.0201133647686
1508.305 0.0179946439858
1509.305 0.0157062039552
1510.305 0.0134226292566
1511.305 0.0113941417711
1512.305 0.00971920890021
1513.305 0.00837627127816
1514.305 0.00730348922184
1515.305 0.00643945025933
1516.305 0.00573472558905
1517.305 0.00515217235269
1518.305 0.00466440922926
1519.305 0.00425122360833
1520.305 0.003897543994
1521.305 0.00359198047882
1522.305 0.00332580147741
1523.305 0.00309221889114
1524.305 0.00288588540632
1525.305 0.00270253695512
1526.305 0.00253873503585
1527.305 0.00239167843083
1528.305 0.00225906375501
1529.305 0.00213898082099
1530.305 0.00202983316002
1531.305 0.00193027695527
1532.305 0.00183917361866
1533.305 0.00175555259635
1534.305 0.00167858192735
1535.305 0.00160754473917
1536.305 0.00154182033408
1537.305 0.00148086885649
1538.305 0.0014242187777
1539.305 0.00137145661451
1540.305 0.00132221843189
1541.305 0.00127618278072
1542.305 0.00123306479683
1543.305 0.00119261124599
1544.305 0.00115459634342
1545.305 0.00111881821126
1546.305 0.00108509586395
1547.305 0.0010532666326
1548.305 0.00102318395619
1549.305 0.000994715480453
1550.305 0.000967741416116
1551.305 0.00094215311634
1552.305 0.000917851840396
1553.305 0.000894747675932
1554.305 0.000872758596834
1555.305 0.000851809637388
1556.305 0.000831832166489
1557.305 0.000812763248184
1558.305 0.000794545076924
1559.305 0.000777124477649
1560.305 0.000760452462264
1561.305 0.000744483835327
1562.305 0.000729176842738
1563.305 0.000714492858139
1564.305 0.00070039610242
1565.305 0.000686853392391
1566.305 0.000673833915162
1567.305 0.000661309025266
1568.305 0.000649252061921
1569.305 0.000637638184157
1570.305 0.000626444221844
1571.305 0.000615648540864
1572.305 0.000605230920912
1573.305 0.000595172444589
1574.305 0.000585455396589
1575.305 0.000576063171954
1576.305 0.000566980192455
1577.305 0.000558191830292
1578.305 0.00054968433839
1579.305 0.000541444786625
1580.305 0.000533461003427
1581.305 0.000525721522235
1582.305 0.000518215532345
1583.305 0.000510932833748
1584.305 0.000503863795585
1585.305 0.000496999317886
1586.305 0.000490330796314
1587.305 0.000483850089619
1588.305 0.000477549489594
1589.305 0.000471421693294
1590.305 0.000465459777335
1591.305 0.000459657174082
1592.305 0.000454007649595
1593.305 0.00044850528315
1594.305 0.000443144448235
1595.305 0.000437919794891
1596.305 0.000432826233284
1597.305 0.000427858918418
1598.305 0.000423013235895
1599.305 0.00041828478864
1600.305 0.000413669384522
1601.305 0.000409163024794
1602.305 0.000404761893292
1603.305 0.000400462346346
1604.305 0.000396260903336
1605.305 0.000392154237851
1606.305 0.000388139169413
1607.305 0.000384212655715
1608.305 0.000380371785344
1609.305 0.000376613770953
1610.305 0.000372935942844
1611.305 0.000369335742946
1612.305 0.000365810719147
1613.305 0.00036235851997
1614.305 0.000358976889551
1615.305 0.000355663662923
1616.305 0.000352416761561
1617.305 0.00034923418919
1618.305 0.000346114027827
1619.305 0.000343054434046
1620.305 0.000340053635455
1621.305 0.000337109927365
1622.305 0.000334221669641
1623.305 0.000331387283728
1624.305 0.000328605249833
1625.305 0.000325874104264
1626.305 0.000323192436904
1627.305 0.000320558888824
1628.305 0.000317972150014
1629.305 0.000315430957239
1630.305 0.000312934092001
1631.305 0.000310480378606
1632.305 0.000308068682329
1633.305 0.000305697907669
1634.305 0.0003033669967
1635.305 0.000301074927488
1636.305 0.000298820712604
1637.305 0.000296603397692
1638.305 0.000294422060121
1639.305 0.000292275807695
1640.305 0.000290163777419
1641.305 0.00028808513434
1642.305 0.000286039070421
1643.305 0.000284024803489
1644.305 0.000282041576214
1645.305 0.000280088655147
1646.305 0.000278165329793
1647.305 0.000276270911737
1648.305 0.000274404733799
1649.305 0.000272566149229
1650.305 0.000270754530946
1651.305 0.000268969270799
1652.305 0.000267209778865
1653.305 0.000265475482786
1654.305 0.000263765827117
1655.305 0.000262080272719
1656.305 0.000260418296169
1657.305 0.000258779389198
1658.305 0.000257163058149
1659.305 0.000255568823464
1660.305 0.000253996219186
1661.305 0.000252444792488
1662.305 0.000250914103213
1663.305 0.000249403723442
1664.305 0.000247913237073
1665.305 0.00024644223942
1666.305 0.000244990336826
1667.305 0.000243557146294
1668.305 0.000242142295132
1669.305 0.000240745420608
1670.305 0.000239366169625
1671.305 0.000238004198404
1672.305 0.00023665917218
1673.305 0.000235330764912
1674.305 0.000234018659001
1675.305 0.000232722545022
1676.305 0.00023144212146
1677.305 0.000230177094465
1678.305 0.000228927177609
1679.305 0.000227692091655
1680.305 0.000226471564331
1681.305 0.00022526533012
1682.305 0.000224073130049
1683.305 0.00022289471149
1684.305 0.000221729827969
1685.305 0.00022057823898
1686.305 0.000219439709804
1687.305 0.000218314011339
1688.305 0.000217200919934
1689.305 0.000216100217224
1690.305 0.00021501168998
1691.305 0.000213935129957
1692.305 0.00021287033375
1693.305 0.000211817102652
1694.305 0.000210775242524
1695.305 0.000209744563661
1696.305 0.000208724880668
1697.305 0.000207716012337
1698.305 0.000206717781532
1699.305 0.000205730015071
1700.305 0.000204752543622
1701.305 0.000203785201591
1702.305 0.000202827827023
1703.305 0.000201880261502
1704.305 0.000200942350054
1705.305 0.000200013941054
1706.305 0.000199094886136
1707.305 0.000198185040107
1708.305 0.000197284260859
1709.305 0.000196392409293
1710.305 0.000195509349234
1711.305 0.000194634947359
1712.305 0.000193769073117
1713.305 0.000192911598663
1714.305 0.000192062398787
1715.305 0.00019122135084
1716.305 0.000190388334678
1717.305 0.000189563232592
1718.305 0.000188745929247
1719.305 0.000187936311625
1720.305 0.000187134268963
1721.305 0.000186339692701
1722.305 0.000185552476424
1723.305 0.00018477251581
1724.305 0.00018399970858
1725.305 0.000183233954444
1726.305 0.000182475155058
1727.305 0.000181723213974
1728.305 0.000180978036591
1729.305 0.000180239530119
1730.305 0.000179507603527
1731.305 0.000178782167507
1732.305 0.000178063134429
1733.305 0.000177350418306
1734.305 0.000176643934751
1735.305 0.000175943600944
1736.305 0.000175249335591
1737.305 0.000174561058892
1738.305 0.000173878692506
1739.305 0.000173202159516
1740.305 0.0001725313844
1741.305 0.000171866292994
1742.305 0.000171206812466
1743.305 0.000170552871285
1744.305 0.000169904399189
1745.305 0.00016926132716
1746.305 0.000168623587396
1747.305 0.000167991113282
1748.305 0.000167363839365
1749.305 0.000166741701332
1750.305 0.000166124635976
1751.305 0.000165512581184
1752.305 0.000164905475903
1753.305 0.000164303260122
1754.305 0.000163705874851
1755.305 0.000163113262095
1756.305 0.000162525364836
1757.305 0.000161942127011
1758.305 0.000161363493493
1759.305 0.000160789410069
1760.305 0.000160219823424
1761.305 0.00015965468112
1762.305 0.000159093931579
1763.305 0.000158537524064
1764.305 0.000157985408664
1765.305 0.000157437536275
1766.305 0.000156893858583
1767.305 0.000156354328051
1768.305 0.0001558188979
1769.305 0.000155287522097
1770.305 0.000154760155337
1771.305 0.000154236753029
1772.305 0.000153717271285
1773.305 0.000153201666901
1774.305 0.000152689897348
1775.305 0.000152181920755
1776.305 0.000151677695899
1777.305 0.000151177182193
1778.305 0.000150680339669
1779.305 0.000150187128972
1780.305 0.000149697511342
1781.305 0.000149211448608
1782.305 0.000148728903175
1783.305 0.000148249838012
1784.305 0.000147774216641
1785.305 0.000147302003129
1786.305 0.000146833162075
1787.305 0.000146367658602
1788.305 0.000145905458347
1789.305 0.00014544652745
1790.305 0.000144990832546
1791.305 0.000144538340756
1792.305 0.000144089019678
1793.305 0.000143642837375
1794.305 0.000143199762374
1795.305 0.000142759763649
1796.305 0.000142322810619
1797.305 0.000141888873138
1798.305 0.000141457921486
1799.305 0.000141029926362
1800.305 0.000140604858879
1801.305 0.000140182690554
1802.305 0.000139763393301
1803.305 0.000139346939423
1804.305 0.00013893330161
1805.305 0.000138522452927
1806.305 0.000138114366809
1807.305 0.000137709017057
1808.305 0.000137306377826
1809.305 0.000136906423627
1810.305 0.000136509129313
1811.305 0.000136114470078
1812.305 0.00013572242145
1813.305 0.000135332959285
1814.305 0.00013494605976
1815.305 0.000134561699372
1816.305 0.000134179854927
1817.305 0.00013380050354
1818.305 0.000133423622625
1819.305 0.000133049189894
1820.305 0.000132677183351
1821.305 0.000132307581286
1822.305 0.000131940362271
1823.305 0.000131575505155
1824.305 0.000131212989062
1825.305 0.000130852793381
1826.305 0.000130494897768
1827.305 0.000130139282138
1828.305 0.000129785926661
1829.305 0.00012943481176
1830.305 0.000129085918104
1831.305 0.000128739226607
1832.305 0.000128394718421
1833.305 0.000128052374936
1834.305 0.000127712177773
1835.305 0.000127374108782
1836.305 0.000127038150037
1837.305 0.000126704283836
1838.305 0.000126372492693
1839.305 0.000126042759336
1840.305 0.000125715066707
1841.305 0.000125389397954
1842.305 0.000125065736432
1843.305 0.000124744065694
1844.305 0.000124424369497
1845.305 0.00012410663179
1846.305 0.000123790836715
1847.305 0.000123476968605
1848.305 0.000123165011981
1849.305 0.000122854951545
1850.305 0.000122546772185
1851.305 0.000122240458962
1852.305 0.000121935997119
1853.305 0.000121633372069
1854.305 0.000121332569396
1855.305 0.000121033574855
1856.305 0.000120736374365
1857.305 0.000120440954008
1858.305 0.000120147300029
1859.305 0.000119855398831
1860.305 0.000119565236974
1861.305 0.000119276801171
1862.305 0.00011899007829
1863.305 0.000118705055346
1864.305 0.000118421719504
1865.305 0.000118140058073
1866.305 0.000117860058506
1867.305 0.0001175817084
1868.305 0.000117304995488
1869.305 0.000117029907644
1870.305 0.000116756432875
1871.305 0.000116484559325
1872.305 0.000116214275266
1873.305 0.000115945569105
1874.305 0.000115678429373
1875.305 0.000115412844731
1876.305 0.000115148803964
1877.305 0.000114886295978
1878.305 0.000114625309803
1879.305 0.00011436583459
1880.305 0.000114107859605
1881.305 0.000113851374233
1882.305 0.000113596367973
1883.305 0.000113342830439
1884.305 0.000113090751356
1885.305 0.000112840120559
1886.305 0.000112590927994
1887.305 0.000112343163713
1888.305 0.000112096817875
1889.305 0.000111851880744
1890.305 0.000111608342687
1891.305 0.000111366194175
1892.305 0.000111125425776
1893.305 0.000110886028162
1894.305 0.000110647992099
1895.305 0.000110411308455
1896.305 0.000110175968188
1897.305 0.000109941962355
1898.305 0.000109709282105
1899.305 0.000109477918678
1900.305 0.000109247863406
1901.305 0.000109019107711
1902.305 0.000108791643103
1903.305 0.000108565461181
1904.305 0.000108340553628
1905.305 0.000108116912214
1906.305 0.000107894528793
1907.305 0.000107673395304
1908.305 0.000107453503765
1909.305 0.000107234846278
1910.305 0.000107017415024
1911.305 0.000106801202264
1912.305 0.000106586200336
1913.305 0.000106372401657
1914.305 0.000106159798719
1915.305 0.000105948384091
1916.305 0.000105738150415
1917.305 0.000105529090409
1918.305 0.00010532119686
1919.305 0.000105114462632
1920.305 0.000104908880655
1921.305 0.000104704443933
1922.305 0.000104501145538
1923.305 0.00010429897861
1924.305 0.000104097936359
1925.305 0.000103898012059
1926.305 0.000103699199053
1927.305 0.000103501490748
1928.305 0.000103304880615
1929.305 0.000103109362192
1930.305 0.000102914929077
1931.305 0.000102721574931
1932.305 0.000102529293479
1933.305 0.000102338078505
1934.305 0.000102147923854
1935.305 0.000101958823431
1936.305 0.000101770771199
1937.305 0.000101583761181
1938.305 0.000101397787457
1939.305 0.000101212844164
1940.305 0.000101028925494
1941.305 0.000100846025698
1942.305 0.00010066413908
1943.305 0.000100483259998
1944.305 0.000100303382866
1945.305 0.000100124502151
1946.305 9.99466123708e-05
1947.305 9.9769708098e-05
1948.305 9.95937839554e-05
1949.305 9.94188346174e-05
1950.305 9.92448548089e-05
1951.305 9.90718393047e-05
1952.305 9.88997829294e-05
1953.305 9.87286805562e-05
1954.305 9.85585271071e-05
1955.305 9.83893175517e-05
1956.305 9.82210469073e-05
1957.305 9.80537102379e-05
1958.305 9.78873026542e-05
1959.305 9.77218193126e-05
1960.305 9.7557255415e-05
1961.305 9.73936062086e-05
1962.305 9.72308669847e-05
1963.305 9.7069033079e-05
1964.305 9.69080998707e-05
1965.305 9.67480627821e-05
1966.305 9.65889172785e-05
1967.305 9.64306588672e-05
1968.305 9.62732830976e-05
1969.305 9.61167855604e-05
1970.305 9.59611618874e-05
1971.305 9.5806407751e-05
1972.305 9.56525188639e-05
1973.305 9.54994909784e-05
1974.305 9.53473198866e-05
1975.305 9.51960014193e-05
1976.305 9.50455314461e-05
1977.305 9.48959058748e-05
1978.305 9.4747120651e-05
1979.305 9.45991717582e-05
1980.305 9.44520552167e-05
1981.305 9.43057670836e-05
1982.305 9.41603034528e-05
1983.305 9.40156604539e-05
1984.305 9.38718342525e-05
1985.305 9.37288210495e-05
1986.305 9.35866170809e-05
1987.305 9.34452186174e-05
1988.305 9.33046219643e-05
1989.305 9.31648234609e-05
1990.305 9.302581948e-05
1991.305 9.28876064284e-05
1992.305 9.27501807455e-05
1993.305 9.2613538904e-05
1994.305 9.24776774088e-05
1995.305 9.23425927973e-05
1996.305 9.22082816387e-05
1997.305 9.20747405338e-05
1998.305 9.1941966115e-05
1999.305 9.18099550456e-05
2000.305 9.16787040197e-05
2001.305 9.15482097621e-05
2002.305 9.14184690277e-05
2003.305 9.12894786015e-05
2004.305 9.1161235298e-05
2005.305 9.10337359615e-05
2006.305 9.09069774653e-05
2007.305 9.07809567117e-05
2008.305 9.06556706317e-05
2009.305 9.05311161846e-05
2010.305 9.04072903583e-05
2011.305 9.02841901682e-05
2012.305 9.01618126576e-05
2013.305 9.00401548975e-05
2014.305 8.99192139858e-05
2015.305 8.97989870477e-05
2016.305 8.96794712351e-05
2017.305 8.95606637263e-05
2018.305 8.94425617263e-05
2019.305 8.93251624658e-05
2020.305 8.92084632019e-05
2021.305 8.90924612171e-05
2022.305 8.89771538193e-05
2023.305 8.8862538342e-05
2024.305 8.87486121435e-05
2025.305 8.86353726072e-05
2026.305 8.8522817141e-05
2027.305 8.84109431773e-05
2028.305 8.82997481729e-05
2029.305 8.81892296087e-05
2030.305 8.80793849892e-05
2031.305 8.79702118431e-05
2032.305 8.78617077223e-05
2033.305 8.7753870202e-05
2034.305 8.76466968808e-05
2035.305 8.75401853802e-05
2036.305 8.74343333445e-05
2037.305 8.73291384406e-05
2038.305 8.72245983578e-05
2039.305 8.7120710808e-05
2040.305 8.7017473525e-05
2041.305 8.69148842645e-05
2042.305 8.68129408042e-05
2043.305 8.67116409433e-05
2044.305 8.66109825026e-05
2045.305 8.65109633242e-05
2046.305 8.64115812712e-05
2047.305 8.63128342281e-05
2048.305 8.62147200998e-05
2049.305 8.61172368124e-05
2050.305 8.60203823122e-05
2051.305 8.59241545661e-05
2052.305 8.58285515612e-05
2053.305 8.5733571305e-05
2054.305 8.56392118246e-05
2055.305 8.55454711674e-05
2056.305 8.54523474002e-05
2057.305 8.53598386095e-05
2058.305 8.52679429013e-05
2059.305 8.5176658401e-05
2060.305 8.50859832532e-05
2061.305 8.49959156213e-05
2062.305 8.49064536881e-05
2063.305 8.48175956549e-05
2064.305 8.47293397419e-05
2065.305 8.46416841877e-05
2066.305 8.45546272495e-05
2067.305 8.44681672029e-05
2068.305 8.43823023416e-05
2069.305 8.42970309776e-05
2070.305 8.42123514407e-05
2071.305 8.41282620788e-05
2072.305 8.40447612574e-05
2073.305 8.39618473597e-05
2074.305 8.38795187867e-05
2075.305 8.37977739567e-05
2076.305 8.37166113053e-05
2077.305 8.36360292854e-05
2078.305 8.35560263672e-05
2079.305 8.34766010379e-05
2080.305 8.33977518014e-05
2081.305 8.33194771788e-05
2082.305 8.32417757079e-05
2083.305 8.3164645943e-05
2084.305 8.30880864553e-05
2085.305 8.3012095832e-05
2086.305 8.29366726772e-05
2087.305 8.28618156111e-05
2088.305 8.278752327e-05
2089.305 8.27137943065e-05
2090.305 8.26406273892e-05
2091.305 8.25680212027e-05
2092.305 8.24959744474e-05
2093.305 8.24244858395e-05
2094.305 8.2353554111e-05
2095.305 8.22831780095e-05
2096.305 8.22133562981e-05
2097.305 8.21440877556e-05
2098.305 8.20753711758e-05
2099.305 8.20072053683e-05
2100.305 8.19395891576e-05
2101.305 8.18725213835e-05
2102.305 8.18060009011e-05
2103.305 8.17400265802e-05
2104.305 8.16745973058e-05
2105.305 8.16097119777e-05
2106.305 8.15453695107e-05
2107.305 8.14815688342e-05
2108.305 8.14183088924e-05
2109.305 8.1355588644e-05
2110.305 8.12934070625e-05
2111.305 8.12317631358e-05
2112.305 8.11706558662e-05
2113.305 8.11100842705e-05
2114.305 8.10500473798e-05
2115.305 8.09905442394e-05
2116.305 8.09315739089e-05
2117.305 8.08731354622e-05
2118.305 8.0815227987e-05
2119.305 8.07578505853e-05
2120.305 8.07010023731e-05
2121.305 8.06446824801e-05
2122.305 8.05888900502e-05
2123.305 8.05336242411e-05
2124.305 8.0478884224e-05
2125.305 8.04246691843e-05
2126.305 8.03709783208e-05
2127.305 8.0317810846e-05
2128.305 8.02651659861e-05
2129.305 8.02130429808e-05
2130.305 8.01614410833e-05
2131.305 8.01103595604e-05
2132.305 8.00597976922e-05
2133.305 8.00097547723e-05
2134.305 7.99602301075e-05
2135.305 7.99112230181e-05
2136.305 7.98627328376e-05
2137.305 7.98147589128e-05
2138.305 7.97673006035e-05
2139.305 7.97203572828e-05
2140.305 7.96739283371e-05
2141.305 7.96280131656e-05
2142.305 7.95826111807e-05
2143.305 7.95377218078e-05
2144.305 7.94933444854e-05
2145.305 7.94494786648e-05
2146.305 7.94061238104e-05
2147.305 7.93632793993e-05
2148.305 7.93209449217e-05
2149.305 7.92791198805e-05
2150.305 7.92378037915e-05
2151.305 7.91969961833e-05
2152.305 7.91566965971e-05
2153.305 7.91169045871e-05
2154.305 7.907761972e-05
2155.305 7.90388415754e-05
2156.305 7.90005697453e-05
2157.305 7.89628038348e-05
2158.305 7.8925543461e-05
2159.305 7.88887882543e-05
2160.305 7.88525378571e-05
2161.305 7.88167919248e-05
2162.305 7.87815501251e-05
2163.305 7.87468121383e-05
2164.305 7.87125776573e-05
2165.305 7.86788463874e-05
2166.305 7.86456180465e-05
2167.305 7.86128923649e-05
2168.305 7.85806690854e-05
2169.305 7.85489479631e-05
2170.305 7.85177287658e-05
2171.305 7.84870112735e-05
2172.305 7.84567952788e-05
2173.305 7.84270805867e-05
2174.305 7.83978670143e-05
2175.305 7.83691543914e-05
2176.305 7.83409425602e-05
2177.305 7.8313231375e-05
2178.305 7.82860207027e-05
2179.305 7.82593104226e-05
2180.305 7.82331004261e-05
2181.305 7.82073906172e-05
2182.305 7.81821809122e-05
2183.305 7.81574712396e-05
2184.305 7.81332615404e-05
2185.305 7.8109551768e-05
2186.305 7.8086341888e-05
2187.305 7.80636318784e-05
2188.305 7.80414217295e-05
2189.305 7.80197114441e-05
2190.305 7.79985010372e-05
2191.305 7.79777905362e-05
2192.305 7.7957579981e-05
2193.305 7.79378694235e-05
2194.305 7.79186589284e-05
2195.305 7.78999485725e-05
2196.305 7.78817384451e-05
2197.305 7.78640286478e-05
2198.305 7.78468192946e-05
2199.305 7.78301105122e-05
2200.305 7.78139024392e-05
2201.305 7.77981952271e-05
2202.305 7.77829890395e-05
2203.305 7.77682840528e-05
2204.305 7.77540804554e-05
2205.305 7.77403784486e-05
2206.305 7.7727178246e-05
2207.305 7.77144800738e-05
2208.305 7.77022841705e-05
2209.305 7.76905907874e-05
2210.305 7.76794001882e-05
2211.305 7.76687126493e-05
2212.305 7.76585284595e-05
2213.305 7.76488479204e-05
2214.305 7.76396713462e-05
2215.305 7.76309990635e-05
2216.305 7.7622831412e-05
2217.305 7.76151687437e-05
2218.305 7.76080114236e-05
2219.305 7.76013598293e-05
2220.305 7.75952143511e-05
2221.305 7.75895753923e-05
2222.305 7.75844433688e-05
2223.305 7.75798187095e-05
2224.305 7.75757018561e-05
2225.305 7.75720932632e-05
2226.305 7.75689933983e-05
2227.305 7.75664027418e-05
2228.305 7.75643217874e-05
2229.305 7.75627510414e-05
2230.305 7.75616910235e-05
2231.305 7.75611422662e-05
2232.305 7.75611053152e-05
2233.305 7.75615807295e-05
2234.305 7.75625690811e-05
2235.305 7.75640709553e-05
2236.305 7.75660869508e-05
2237.305 7.75686176792e-05
2238.305 7.75716637658e-05
2239.305 7.75752258492e-05
2240.305 7.75793045813e-05
2241.305 7.75839006275e-05
2242.305 7.75890146668e-05
2243.305 7.75946473915e-05
2244.305 7.76007995077e-05
2245.305 7.76074717351e-05
2246.305 7.76146648069e-05
2247.305 7.76223794702e-05
2248.305 7.76306164858e-05
2249.305 7.76393766282e-05
2250.305 7.76486606859e-05
2251.305 7.76584694613e-05
2252.305 7.76688037706e-05
2253.305 7.76796644441e-05
2254.305 7.76910523263e-05
2255.305 7.77029682755e-05
2256.305 7.77154131644e-05
2257.305 7.77283878799e-05
2258.305 7.7741893323e-05
2259.305 7.77559304092e-05
2260.305 7.77705000682e-05
2261.305 7.77856032445e-05
2262.305 7.78012408966e-05
2263.305 7.7817413998e-05
2264.305 7.78341235364e-05
2265.305 7.78513705147e-05
2266.305 7.786915595e-05
2267.305 7.78874808746e-05
2268.305 7.79063463354e-05
2269.305 7.79257533945e-05
2270.305 7.79457031287e-05
2271.305 7.79661966301e-05
2272.305 7.79872350059e-05
2273.305 7.80088193783e-05
2274.305 7.80309508851e-05
2275.305 7.80536306792e-05
2276.305 7.80768599289e-05
2277.305 7.81006398182e-05
2278.305 7.81249715465e-05
2279.305 7.81498563288e-05
2280.305 7.8175295396e-05
2281.305 7.82012899946e-05
2282.305 7.8227841387e-05
2283.305 7.82549508517e-05
2284.305 7.82826196831e-05
2285.305 7.83108491917e-05
2286.305 7.83396407041e-05
2287.305 7.83689955635e-05
2288.305 7.83989151291e-05
2289.305 7.84294007767e-05
2290.305 7.84604538987e-05
2291.305 7.8492075904e-05
2292.305 7.85242682181e-05
2293.305 7.85570322837e-05
2294.305 7.85903695599e-05
2295.305 7.86242815231e-05
2296.305 7.86587696666e-05
2297.305 7.86938355011e-05
2298.305 7.87294805543e-05
2299.305 7.87657063713e-05
2300.305 7.88025145149e-05
2301.305 7.88399065652e-05
2302.305 7.887788412e-05
2303.305 7.8916448795e-05
2304.305 7.89556022237e-05
2305.305 7.89953460573e-05
2306.305 7.90356819656e-05
2307.305 7.90766116361e-05
2308.305 7.91181367749e-05
2309.305 7.91602591063e-05
2310.305 7.92029803732e-05
2311.305 7.92463023371e-05
2312.305 7.92902267784e-05
2313.305 7.9334755496e-05
2314.305 7.9379890308e-05
2315.305 7.94256330517e-05
2316.305 7.94719855832e-05
2317.305 7.95189497784e-05
2318.305 7.95665275324e-05
2319.305 7.96147207597e-05
2320.305 7.96635313949e-05
2321.305 7.97129613921e-05
2322.305 7.97630127254e-05
2323.305 7.98136873892e-05
2324.305 7.98649873977e-05
2325.305 7.99169147859e-05
2326.305 7.99694716089e-05
2327.305 8.00226599426e-05
2328.305 8.00764818837e-05
2329.305 8.01309395495e-05
2330.305 8.01860350787e-05
2331.305 8.02417706308e-05
2332.305 8.02981483869e-05
2333.305 8.03551705494e-05
2334.305 8.04128393423e-05
2335.305 8.04711570115e-05
2336.305 8.05301258246e-05
2337.305 8.05897480714e-05
2338.305 8.06500260637e-05
2339.305 8.0710962136e-05
2340.305 8.0772558645e-05
2341.305 8.08348179702e-05
2342.305 8.0897742514e-05
2343.305 8.09613347016e-05
2344.305 8.10255969815e-05
2345.305 8.10905318256e-05
2346.305 8.11561417292e-05
2347.305 8.12224292112e-05
2348.305 8.12893968145e-05
2349.305 8.13570471059e-05
2350.305 8.14253826763e-05
2351.305 8.14944061413e-05
2352.305 8.15641201406e-05
2353.305 8.16345273389e-05
2354.305 8.17056304258e-05
2355.305 8.17774321159e-05
2356.305 8.18499351491e-05
2357.305 8.19231422909e-05
2358.305 8.19970563324e-05
2359.305 8.20716800904e-05
2360.305 8.21470164079e-05
2361.305 8.22230681541e-05
2362.305 8.22998382249e-05
2363.305 8.23773295424e-05
2364.305 8.2455545056e-05
2365.305 8.25344877419e-05
2366.305 8.26141606036e-05
2367.305 8.26945666723e-05
2368.305 8.27757090067e-05
2369.305 8.28575906935e-05
2370.305 8.29402148476e-05
2371.305 8.30235846121e-05
2372.305 8.31077031589e-05
2373.305 8.31925736886e-05
2374.305 8.32781994309e-05
2375.305 8.33645836447e-05
2376.305 8.34517296185e-05
2377.305 8.35396406705e-05
2378.305 8.3628320149e-05
2379.305 8.37177714324e-05
2380.305 8.38079979297e-05
2381.305 8.38990030806e-05
2382.305 8.39907903557e-05
2383.305 8.40833632569e-05
2384.305 8.41767253176e-05
2385.305 8.4270880103e-05
2386.305 8.43658312102e-05
2387.305 8.44615822687e-05
2388.305 8.45581369405e-05
2389.305 8.46554989205e-05
2390.305 8.47536719365e-05
2391.305 8.48526597499e-05
2392.305 8.49524661556e-05
2393.305 8.50530949825e-05
2394.305 8.51545500938e-05
2395.305 8.52568353872e-05
2396.305 8.5359954795e-05
2397.305 8.5463912285e-05
2398.305 8.556871186e-05
2399.305 8.56743575589e-05
2400.305 8.57808534564e-05
2401.305 8.58882036635e-05
2402.305 8.59964123279e-05
2403.305 8.61054836345e-05
2404.305 8.62154218052e-05
2405.305 8.63262310996e-05
2406.305 8.64379158152e-05
2407.305 8.6550480288e-05
2408.305 8.66639288924e-05
2409.305 8.67782660418e-05
2410.305 8.68934961889e-05
2411.305 8.70096238262e-05
2412.305 8.71266534861e-05
2413.305 8.72445897412e-05
2414.305 8.7363437205e-05
2415.305 8.74832005322e-05
2416.305 8.76038844188e-05
2417.305 8.77254936025e-05
2418.305 8.78480328636e-05
2419.305 8.79715070246e-05
2420.305 8.80959209512e-05
2421.305 8.82212795523e-05
2422.305 8.83475877809e-05
2423.305 8.84748506338e-05
2424.305 8.86030731526e-05
2425.305 8.87322604238e-05
2426.305 8.88624175792e-05
2427.305 8.89935497966e-05
2428.305 8.91256622999e-05
2429.305 8.92587603599e-05
2430.305 8.93928492942e-05
2431.305 8.9527934468e-05
2432.305 8.96640212948e-05
2433.305 8.98011152362e-05
2434.305 8.99392218027e-05
2435.305 9.00783465544e-05
2436.305 9.02184951011e-05
2437.305 9.03596731028e-05
2438.305 9.05018862704e-05
2439.305 9.0645140366e-05
2440.305 9.07894412034e-05
2441.305 9.09347946487e-05
2442.305 9.10812066208e-05
2443.305 9.12286830916e-05
2444.305 9.1377230087e-05
2445.305 9.15268536872e-05
2446.305 9.16775600269e-05
2447.305 9.18293552964e-05
2448.305 9.19822457418e-05
2449.305 9.21362376656e-05
2450.305 9.22913374272e-05
2451.305 9.24475514436e-05
2452.305 9.26048861899e-05
2453.305 9.27633481998e-05
2454.305 9.29229440661e-05
2455.305 9.30836804417e-05
2456.305 9.32455640396e-05
2457.305 9.34086016341e-05
2458.305 9.35728000609e-05
2459.305 9.3738166218e-05
2460.305 9.39047070663e-05
2461.305 9.40724296299e-05
2462.305 9.42413409974e-05
2463.305 9.44114483218e-05
2464.305 9.45827588218e-05
2465.305 9.4755279782e-05
2466.305 9.49290185537e-05
2467.305 9.51039825557e-05
2468.305 9.52801792749e-05
2469.305 9.54576162668e-05
2470.305 9.56363011567e-05
2471.305 9.58162416398e-05
2472.305 9.59974454824e-05
2473.305 9.61799205224e-05
2474.305 9.636367467e-05
2475.305 9.65487159086e-05
2476.305 9.67350522955e-05
2477.305 9.69226919627e-05
2478.305 9.71116431174e-05
2479.305 9.73019140432e-05
2480.305 9.74935131008e-05
2481.305 9.76864487283e-05
2482.305 9.78807294429e-05
2483.305 9.8076363841e-05
2484.305 9.82733605993e-05
2485.305 9.84717284755e-05
2486.305 9.86714763096e-05
2487.305 9.88726130242e-05
2488.305 9.90751476258e-05
2489.305 9.92790892053e-05
2490.305 9.94844469393e-05
2491.305 9.96912300907e-05
2492.305 9.989944801e-05
2493.305 0.000100109110136
2494.305 0.000100320225996
2495.305 0.000100532805208
2496.305 0.000100746857483
2497.305 0.00010096239262
2498.305 0.000101179420515
2499.305 0.000101397951157
2500.305 0.000101617994629
2501.305 0.000101839561112
2502.305 0.000102062660883
2503.305 0.000102287304318
2504.305 0.000102513501892
2505.305 0.000102741264182
2506.305 0.000102970601864
2507.305 0.000103201525719
2508.305 0.000103434046631
2509.305 0.000103668175589
2510.305 0.000103903923689
2511.305 0.000104141302133
2512.305 0.000104380322232
2513.305 0.000104620995409
2514.305 0.000104863333195
2515.305 0.000105107347234
2516.305 0.000105353049285
2517.305 0.000105600451221
2518.305 0.000105849565031
2519.305 0.000106100402821
2520.305 0.000106352976817
2521.305 0.000106607299364
2522.305 0.000106863382929
2523.305 0.000107121240102
2524.305 0.000107380883598
2525.305 0.000107642326256
2526.305 0.000107905581044
2527.305 0.000108170661057
2528.305 0.000108437579521
2529.305 0.000108706349794
2530.305 0.000108976985367
2531.305 0.000109249499864
2532.305 0.000109523907049
2533.305 0.00010980022082
2534.305 0.000110078455217
2535.305 0.000110358624419
2536.305 0.000110640742751
2537.305 0.00011092482468
2538.305 0.000111210884819
2539.305 0.000111498937931
2540.305 0.000111788998926
2541.305 0.000112081082867
2542.305 0.000112375204971
2543.305 0.000112671380609
2544.305 0.000112969625308
2545.305 0.000113269954757
2546.305 0.000113572384801
2547.305 0.000113876931453
2548.305 0.000114183610886
2549.305 0.000114492439443
2550.305 0.000114803433633
2551.305 0.000115116610138
2552.305 0.000115431985811
2553.305 0.000115749577681
2554.305 0.000116069402954
2555.305 0.000116391479013
2556.305 0.000116715823427
2557.305 0.000117042453943
2558.305 0.000117371388499
2559.305 0.000117702645218
2560.305 0.000118036242414
2561.305 0.000118372198594
2562.305 0.000118710532463
2563.305 0.000119051262919
2564.305 0.000119394409063
2565.305 0.000119739990199
2566.305 0.000120088025835
2567.305 0.000120438535688
2568.305 0.000120791539684
2569.305 0.000121147057964
2570.305 0.000121505110883
2571.305 0.000121865719016
2572.305 0.000122228903158
2573.305 0.00012259468433
2574.305 0.000122963083779
2575.305 0.000123334122981
2576.305 0.000123707823647
2577.305 0.000124084207722
2578.305 0.000124463297391
2579.305 0.000124845115082
2580.305 0.000125229683466
2581.305 0.000125617025463
2582.305 0.000126007164247
2583.305 0.000126400123244
2584.305 0.000126795926139
2585.305 0.000127194596879
2586.305 0.000127596159678
2587.305 0.000128000639014
2588.305 0.000128408059641
2589.305 0.000128818446587
2590.305 0.000129231825161
2591.305 0.000129648220954
2592.305 0.000130067659843
2593.305 0.000130490167997
2594.305 0.00013091577188
2595.305 0.000131344498253
2596.305 0.000131776374181
2597.305 0.000132211427035
2598.305 0.000132649684498
2599.305 0.000133091174566
2600.305 0.000133535925556
2601.305 0.000133983966109
2602.305 0.000134435325192
2603.305 0.000134890032106
2604.305 0.00013534811649
2605.305 0.000135809608324
2606.305 0.000136274537934
2607.305 0.000136742935999
2608.305 0.000137214833551
2609.305 0.000137690261987
2610.305 0.000138169253067
2611.305 0.000138651838926
2612.305 0.000139138052071
2613.305 0.000139627925393
2614.305 0.000140121492172
2615.305 0.000140618786078
2616.305 0.000141119841179
2617.305 0.00014162469195
2618.305 0.000142133373271
2619.305 0.00014264592044
2620.305 0.000143162369178
2621.305 0.00014368275563
2622.305 0.000144207116375
2623.305 0.000144735488435
2624.305 0.000145267909274
2625.305 0.00014580441681
2626.305 0.000146345049422
2627.305 0.000146889845951
2628.305 0.000147438845714
2629.305 0.000147992088505
2630.305 0.000148549614607
2631.305 0.000149111464794
2632.305 0.000149677680342
2633.305 0.000150248303036
2634.305 0.000150823375175
2635.305 0.000151402939583
2636.305 0.000151987039616
2637.305 0.000152575719166
2638.305 0.000153169022676
2639.305 0.000153766995141
2640.305 0.000154369682123
2641.305 0.000154977129753
2642.305 0.000155589384746
2643.305 0.000156206494405
2644.305 0.000156828506632
2645.305 0.000157455469937
2646.305 0.000158087433447
2647.305 0.000158724446915
2648.305 0.000159366560732
2649.305 0.000160013825932
2650.305 0.000160666294209
2651.305 0.000161324017919
2652.305 0.000161987050096
2653.305 0.000162655444463
2654.305 0.000163329255438
2655.305 0.000164008538149
2656.305 0.000164693348443
2657.305 0.000165383742898
2658.305 0.000166079778836
2659.305 0.000166781514332
2660.305 0.000167489008228
2661.305 0.000168202320144
2662.305 0.000168921510492
2663.305 0.000169646640486
2664.305 0.000170377772159
2665.305 0.000171114968371
2666.305 0.000171858292827
2667.305 0.000172607810087
2668.305 0.000173363585583
2669.305 0.000174125685633
2670.305 0.00017489417745
2671.305 0.000175669129165
2672.305 0.000176450609837
2673.305 0.000177238689469
2674.305 0.000178033439022
2675.305 0.000178834930437
2676.305 0.000179643236642
2677.305 0.000180458431578
2678.305 0.000181280590208
2679.305 0.000182109788539
2680.305 0.000182946103639
2681.305 0.000183789613652
2682.305 0.00018464039782
2683.305 0.000185498536498
2684.305 0.000186364111175
2685.305 0.000187237204495
2686.305 0.000188117900272
2687.305 0.000189006283516
2688.305 0.000189902440447
2689.305 0.000190806458522
2690.305 0.000191718426452
2691.305 0.000192638434228
2692.305 0.000193566573139
2693.305 0.000194502935796
2694.305 0.000195447616158
2695.305 0.000196400709551
2696.305 0.000197362312698
2697.305 0.000198332523736
2698.305 0.000199311442248
2699.305 0.000200299169287
2700.305 0.000201295807399
2701.305 0.000202301460654
2702.305 0.000203316234671
2703.305 0.000204340236646
2704.305 0.000205373575383
2705.305 0.000206416361318
2706.305 0.000207468706556
2707.305 0.000208530724895
2708.305 0.000209602531858
2709.305 0.000210684244731
2710.305 0.000211775982586
2711.305 0.000212877866322
2712.305 0.000213990018693
2713.305 0.000215112564348
2714.305 0.000216245629863
2715.305 0.000217389343776
2716.305 0.000218543836629
2717.305 0.000219709241
2718.305 0.000220885691544
2719.305 0.000222073325036
2720.305 0.000223272280404
2721.305 0.000224482698778
2722.305 0.000225704723526
2723.305 0.0002269385003
2724.305 0.000228184177081
2725.305 0.000229441904224
2726.305 0.0002307118345
2727.305 0.000231994123149
2728.305 0.000233288927925
2729.305 0.000234596409148
2730.305 0.000235916729751
2731.305 0.000237250055334
2732.305 0.000238596554218
2733.305 0.000239956397498
2734.305 0.000241329759097
2735.305 0.000242716815826
2736.305 0.000244117747441
2737.305 0.000245532736701
2738.305 0.000246961969432
2739.305 0.000248405634586
2740.305 0.000249863924309
2741.305 0.000251337034002
2742.305 0.000252825162394
2743.305 0.000254328511603
2744.305 0.000255847287215
2745.305 0.00025738169835
2746.305 0.000258931957738
2747.305 0.000260498281795
2748.305 0.000262080890702
2749.305 0.000263680008481
2750.305 0.00026529586308
2751.305 0.000266928686456
2752.305 0.000268578714659
2753.305 0.000270246187924
2754.305 0.000271931350756
2755.305 0.000273634452025
2756.305 0.000275355745064
2757.305 0.000277095487759
2758.305 0.000278853942658
2759.305 0.000280631377066
2760.305 0.000282428063152
2761.305 0.000284244278059
2762.305 0.000286080304014
2763.305 0.000287936428441
2764.305 0.000289812944076
2765.305 0.00029171014909
2766.305 0.000293628347211
2767.305 0.000295567847848
2768.305 0.000297528966223
2769.305 0.000299512023505
2770.305 0.000301517346943
2771.305 0.00030354527001
2772.305 0.000305596132547
2773.305 0.00030767028091
2774.305 0.000309768068123
2775.305 0.000311889854034
2776.305 0.000314036005477
2777.305 0.00031620689644
2778.305 0.00031840290823
2779.305 0.00032062442965
2780.305 0.000322871857182
2781.305 0.000325145595169
2782.305 0.000327446056006
2783.305 0.000329773660336
2784.305 0.000332128837254
2785.305 0.000334512024509
2786.305 0.000336923668723
2787.305 0.000339364225608
2788.305 0.000341834160194
2789.305 0.000344333947059
2790.305 0.000346864070571
2791.305 0.000349425025137
2792.305 0.000352017315452
2793.305 0.000354641456767
2794.305 0.000357297975154
2795.305 0.000359987407789
2796.305 0.000362710303235
2797.305 0.000365467221739
2798.305 0.000368258735538
2799.305 0.00037108542917
2800.305 0.000373947899804
2801.305 0.000376846757567
2802.305 0.000379782625892
2803.305 0.000382756141876
2804.305 0.000385767956643
2805.305 0.000388818735725
2806.305 0.000391909159453
2807.305 0.000395039923359
2808.305 0.000398211738595
2809.305 0.000401425332359
2810.305 0.000404681448347
2811.305 0.000407980847203
2812.305 0.000411324307001
2813.305 0.00041471262373
2814.305 0.000418146611806
2815.305 0.000421627104588
2816.305 0.000425154954928
2817.305 0.000428731035726
2818.305 0.000432356240509
2819.305 0.000436031484034
2820.305 0.000439757702905
2821.305 0.000443535856214
2822.305 0.000447366926208
2823.305 0.000451251918975
2824.305 0.000455191865156
2825.305 0.000459187820683
2826.305 0.000463240867544
2827.305 0.000467352114571
2828.305 0.000471522698264
2829.305 0.000475753783641
2830.305 0.000480046565119
2831.305 0.000484402267426
2832.305 0.000488822146553
2833.305 0.000493307490737
2834.305 0.00049785962148
2835.305 0.000502479894611
2836.305 0.000507169701386
2837.305 0.000511930469627
2838.305 0.000516763664915
2839.305 0.000521670791815
2840.305 0.000526653395166
2841.305 0.000531713061404
2842.305 0.000536851419952
2843.305 0.000542070144657
2844.305 0.000547370955289
2845.305 0.0005527556191
2846.305 0.000558225952442
2847.305 0.00056378382246
2848.305 0.000569431148848
2849.305 0.000575169905679
2850.305 0.000581002123315
2851.305 0.000586929890394
2852.305 0.000592955355906
2853.305 0.000599080731349
2854.305 0.00060530829299
2855.305 0.000611640384214
2856.305 0.00061807941798
2857.305 0.000624627879389
2858.305 0.000631288328356
2859.305 0.000638063402411
2860.305 0.000644955819623
2861.305 0.000651968381657
2862.305 0.000659103976967
2863.305 0.000666365584145
2864.305 0.000673756275416
2865.305 0.000681279220306
2866.305 0.000688937689474
2867.305 0.000696735058736
2868.305 0.000704674813275
2869.305 0.000712760552057
2870.305 0.000720995992466
2871.305 0.00072938497516
2872.305 0.000737931469178
2873.305 0.000746639577291
2874.305 0.000755513541637
2875.305 0.000764557749627
2876.305 0.000773776740171
2877.305 0.000783175210216
2878.305 0.000792758021631
2879.305 0.000802530208453
2880.305 0.00081249698452
2881.305 0.000822663751519
2882.305 0.000833036107463
2883.305 0.000843619855639
2884.305 0.000854421014052
2885.305 0.00086544582539
2886.305 0.000876700767557
2887.305 0.000888192564809
2888.305 0.000899928199522
2889.305 0.000911914924652
2890.305 0.000924160276928
2891.305 0.00093667209082
2892.305 0.000949458513354
2893.305 0.000962528019817
2894.305 0.000975889430435
2895.305 0.000989551928073
2896.305 0.00100352507705
2897.305 0.00101781884314
2898.305 0.00103244361488
2899.305 0.00104741022619
2900.305 0.00106272998056
2901.305 0.00107841467679
2902.305 0.00109447663648
2903.305 0.00111092873334
2904.305 0.00112778442458
2905.305 0.00114505778443
2906.305 0.00116276354005
2907.305 0.00118091710999
2908.305 0.00119953464542
2909.305 0.0012186330744
2910.305 0.00123823014938
2911.305 0.00125834449835
2912.305 0.00127899567979
2913.305 0.00130020424193
2914.305 0.00132199178661
2915.305 0.00134438103821
2916.305 0.00136739591816
2917.305 0.00139106162543
2918.305 0.00141540472386
2919.305 0.00144045323665
2920.305 0.00146623674902
2921.305 0.00149278651974
2922.305 0.00152013560246
2923.305 0.00154831897792
2924.305 0.00157737369811
2925.305 0.0016073390438
2926.305 0.00163825669679
2927.305 0.00167017092869
2928.305 0.00170312880787
2929.305 0.00173718042705
2930.305 0.00177237915354
2931.305 0.00180878190526
2932.305 0.00184644945541
2933.305 0.00188544676949
2934.305 0.00192584337881
2935.305 0.00196771379502
2936.305 0.00201113797142
2937.305 0.00205620181692
2938.305 0.0021029977702
2939.305 0.00215162544239
2940.305 0.00220219233799
2941.305 0.00225481466551
2942.305 0.00230961825122
2943.305 0.00236673957163
2944.305 0.00242632692314
2945.305 0.00248854175089
2946.305 0.00255356016236
2947.305 0.00262157465676
2948.305 0.00269279610697
2949.305 0.00276745603783
2950.305 0.00284580925425
2951.305 0.00292813688286
2952.305 0.00301474990531
2953.305 0.00310599327796
2954.305 0.00320225075431
2955.305 0.00330395055319
2956.305 0.00341157205003
2957.305 0.00352565371113
2958.305 0.00364680254699
2959.305 0.003775705431
2960.305 0.00391314272271
2961.305 0.0040600047548
2962.305 0.00421731190088
2963.305 0.00438623915045
2964.305 0.00456814639622
2965.305 0.00476461601367
2966.305 0.0049774998216
2967.305 0.00520897820771
2968.305 0.00546163516381
2969.305 0.00573855431507
2970.305 0.00604344291376
2971.305 0.00638079345423
2972.305 0.00675609643048
2973.305 0.00717612338244
2974.305 0.00764930765706
2975.305 0.00818626263753
2976.305 0.00880049575167
2977.305 0.00950940479264
2978.305 0.0103356863637
2979.305 0.0113093529468
2980.305 0.0124706576761
2981.305 0.0138743814078
2982.305 0.0155961627458
2983.305 0.0177418457204
2984.305 0.0204610805264
2985.305 0.0239661769554
2986.305 0.0285548303522
2987.305 0.0346256377162
2988.305 0.0426441816829
2989.305 0.0529374440843
2990.305 0.065071947845
2991.305 0.0767341389583
2992.305 0.0834248265697
2993.305 0.0816139790084
2994.305 0.0728055658893
2995.305 0.0616973021054
2996.305 0.0517386030851
2997.305 0.0440940179346
2998.305 0.0386988909985
2999.305 0.0351424528068
3000.305 0.0330296246759
3001.305 0.032074008824
3002.305 0.0321013676549
3003.305 0.0330350288073
3004.305 0.0348855194819
3005.305 0.0377502709793
3006.305 0.0418247166986
3007.305 0.0474240479048
3008.305 0.055008718128
3009.305 0.0651846015958
3010.305 0.0785840996783
3011.305 0.0953995562554
3012.305 0.11428532689
3013.305 0.13122502819
3014.305 0.141278788902
3015.305 0.14406667303
3016.305 0.145104775233
3017.305 0.150322813718
3018.305 0.161805136579
3019.305 0.176480657963
3020.305 0.186386780257
3021.305 0.184073719783
3022.305 0.170723235459
3023.305 0.154302916257
3024.305 0.140772120061
3025.305 0.130627290376
3026.305 0.12112151987
3027.305 0.110545015179
3028.305 0.100202103906
3029.305 0.0923153262559
3030.305 0.0880875274354
3031.305 0.0877159309515
3032.305 0.0908555751626
3033.305 0.0969089004333
3034.305 0.1056502772
3035.305 0.11801786542
3036.305 0.135649882119
3037.305 0.158998073408
3038.305 0.184695692196
3039.305 0.203524666132
3040.305 0.204597298552
3041.305 0.186437507475
3042.305 0.158706058239
3043.305 0.13151481792
3044.305 0.109451391428
3045.305 0.0931030416118
3046.305 0.0816125432447
3047.305 0.0739526520748
3048.305 0.0693127218404
3049.305 0.0671264216561
3050.305 0.0669578986997
3051.305 0.0683023572627
3052.305 0.0704473364706
3053.305 0.0727835034611
3054.305 0.0754522161102
3055.305 0.0793021296682
3056.305 0.0852521573168
3057.305 0.0940662825749
3058.305 0.106545928948
3059.305 0.123767424126
3060.305 0.147247216185
3061.305 0.17897360144
3062.305 0.221032418568
3063.305 0.274110032422
3064.305 0.334028146916
3065.305 0.38836343456
3066.305 0.421952163492
3067.305 0.431715971954
3068.305 0.425981543716
3069.305 0.407360649152
3070.305 0.372618136692
3071.305 0.32694783794
3072.305 0.283042679403
3073.305 0.250125969509
3074.305 0.231189193257
3075.305 0.225642887338
3076.305 0.230795337213
3077.305 0.241658002949
3078.305 0.252610714833
3079.305 0.26255583723
3080.305 0.275596521962
3081.305 0.29306589133
3082.305 0.306454315188
3083.305 0.301053736079
3084.305 0.271368107502
3085.305 0.227852918209
3086.305 0.184295729001
3087.305 0.147705491044
3088.305 0.119196723549
3089.305 0.0975254471183
3090.305 0.0810571222526
3091.305 0.0684099785014
3092.305 0.0585527890229
3093.305 0.0507474160235
3094.305 0.0444705557689
3095.305 0.0393495156757
3096.305 0.0351159455295
3097.305 0.0315739701744
3098.305 0.0285785267664
3099.305 0.0260206218621
3100.305 0.0238172174298
3101.305 0.0219042137757
3102.305 0.0202315187955
3103.305 0.018759537286
3104.305 0.0174566383941
3105.305 0.0162973053054
3106.305 0.0152607668356
3107.305 0.0143299736611
3108.305 0.0134908240086
3109.305 0.0127315720087
3110.305 0.0120423712938
3111.305 0.0114149198024
3112.305 0.0108421810955
3113.305 0.0103181640917
3114.305 0.00983774784627
3115.305 0.00939654140066
3116.305 0.00899077121703
3117.305 0.00861719055044
3118.305 0.00827300648475
3119.305 0.00795582140515
3120.305 0.00766358649163
3121.305 0.00739456546497
3122.305 0.00714730735458
3123.305 0.00692062752843
3124.305 0.00671359666935
3125.305 0.00652553783613
3126.305 0.0063560322571
3127.305 0.0062049351195
3128.305 0.00607240341425
3129.305 0.00595893897404
3130.305 0.00586545135768
3131.305 0.0057933474148
3132.305 0.00574465757119
3133.305 0.00572221366168
3134.305 0.00572990037914
3135.305 0.00577301347686
3136.305 0.00585877489428
3137.305 0.00599708120035
3138.305 0.00620160170814
3139.305 0.00649140151602
3140.305 0.00689334429328
3141.305 0.00744561166021
3142.305 0.00820266620855
3143.305 0.00924153456214
3144.305 0.0106672680934
3145.305 0.0126086474013
3146.305 0.0151766037368
3147.305 0.0183234107339
3148.305 0.021548356736
3149.305 0.0236864995187
3150.305 0.0235371918087
3151.305 0.0211536148596
3152.305 0.0177764208333
3153.305 0.0145317760508
3154.305 0.0118788880583
3155.305 0.00984701496978
3156.305 0.00832102066372
3157.305 0.00717295683671
3158.305 0.0062996172099
3159.305 0.00562561771818
3160.305 0.00509772650703
3161.305 0.00467865044416
3162.305 0.00434218882512
3163.305 0.00406981931066
3164.305 0.00384838275587
3165.305 0.00366853723637
3166.305 0.00352373623403
3167.305 0.00340956614048
3168.305 0.00332333852504
3169.305 0.00326387577666
3170.305 0.00323146083069
3171.305 0.00322794843934
3172.305 0.00325706172688
3173.305 0.00332492758579
3174.305 0.00344093945005
3175.305 0.00361906868402
3176.305 0.00387973626054
3177.305 0.00425215751473
3178.305 0.0047762140514
3179.305 0.0055000724012
3180.305 0.00646220060081
3181.305 0.00763338063249
3182.305 0.00880244307051
3183.305 0.00951432693997
